<?xml version="1.0" encoding="UTF-8"?>
<!-- Generated by org.testng.reporters.JUnitReportReporter -->
<testsuite skipped="0" hostname="MAVBCP139" name="calculatorTest.ParameterClass" tests="4" failures="0" timestamp="2020-08-03T17:11:49 IST" time="0.049" errors="0">
  <testcase name="mul" time="0.005" classname="calculatorTest.ParameterClass"/>
  <system-out>
Multiplication operation through parameterisation is successful  </system-out>
  <testcase name="sub" time="0.005" classname="calculatorTest.ParameterClass"/>
  <system-out>
Subraction operation through parameterisation is successful  </system-out>
  <testcase name="add" time="0.035" classname="calculatorTest.ParameterClass"/>
  <system-out>
Addition operation through parameterisation is successful  </system-out>
  <testcase name="div" time="0.004" classname="calculatorTest.ParameterClass"/>
  <system-out>
Division operation through parameterisation is successful  </system-out>
</testsuite> <!-- calculatorTest.ParameterClass -->
