<?xml version="1.0" encoding="UTF-8"?>
<!-- Generated by org.testng.reporters.JUnitReportReporter -->
<testsuite skipped="0" hostname="MAVBCP139" name="calculatorTest.ParallelTest" tests="2" failures="0" timestamp="2020-07-03T08:35:41 IST" time="0.029" errors="0">
  <testcase name="testCaseTwo" time="0.010" classname="calculatorTest.ParallelTest"/>
  <system-out/>
  <testcase name="testCaseOne" time="0.019" classname="calculatorTest.ParallelTest"/>
  <system-out/>
</testsuite> <!-- calculatorTest.ParallelTest -->
