<?xml version="1.0" encoding="UTF-8"?>
<!-- Generated by org.testng.reporters.JUnitReportReporter -->
<testsuite skipped="0" hostname="MAVBCP139" name="calculatorTest.DataProvideconcept" tests="16" failures="0" timestamp="2020-07-03T21:12:31 IST" time="0.039" errors="0">
  <testcase name="mod" time="0.001" classname="calculatorTest.DataProvideconcept"/>
  <system-out>
Modulus operation through Data Provider is successful  </system-out>
  <testcase name="inverse" time="0.002" classname="calculatorTest.DataProvideconcept"/>
  <system-out>
Inverse operation through Data Provider is successful  </system-out>
  <testcase name="sub" time="0.002" classname="calculatorTest.DataProvideconcept"/>
  <system-out>
Subraction operation through Data Provider is successful  </system-out>
  <testcase name="mod" time="0.002" classname="calculatorTest.DataProvideconcept"/>
  <system-out>
Modulus operation through Data Provider is successful  </system-out>
  <testcase name="exponent" time="0.003" classname="calculatorTest.DataProvideconcept"/>
  <system-out>
Exponential operation through Data Provider is successful  </system-out>
  <testcase name="div" time="0.002" classname="calculatorTest.DataProvideconcept"/>
  <system-out>
Division operation through Data Provider is successful  </system-out>
  <testcase name="div" time="0.002" classname="calculatorTest.DataProvideconcept"/>
  <system-out>
Division operation through Data Provider is successful  </system-out>
  <testcase name="mul" time="0.001" classname="calculatorTest.DataProvideconcept"/>
  <system-out>
Multiplication operation through Data Provider is successful  </system-out>
  <testcase name="negate" time="0.001" classname="calculatorTest.DataProvideconcept"/>
  <system-out>
Negation operation through Data Provider is successful  </system-out>
  <testcase name="exponent" time="0.002" classname="calculatorTest.DataProvideconcept"/>
  <system-out>
Exponential operation through Data Provider is successful  </system-out>
  <testcase name="add" time="0.011" classname="calculatorTest.DataProvideconcept"/>
  <system-out>
Addition operation through Data Provider is successful  </system-out>
  <testcase name="mul" time="0.001" classname="calculatorTest.DataProvideconcept"/>
  <system-out>
Multiplication operation through Data Provider is successful  </system-out>
  <testcase name="negate" time="0.003" classname="calculatorTest.DataProvideconcept"/>
  <system-out>
Negation operation through Data Provider is successful  </system-out>
  <testcase name="inverse" time="0.001" classname="calculatorTest.DataProvideconcept"/>
  <system-out>
Inverse operation through Data Provider is successful  </system-out>
  <testcase name="sub" time="0.002" classname="calculatorTest.DataProvideconcept"/>
  <system-out>
Subraction operation through Data Provider is successful  </system-out>
  <testcase name="add" time="0.003" classname="calculatorTest.DataProvideconcept"/>
  <system-out>
Addition operation through Data Provider is successful  </system-out>
</testsuite> <!-- calculatorTest.DataProvideconcept -->
