<?xml version="1.0" encoding="UTF-8"?>
<!-- Generated by org.testng.reporters.JUnitReportReporter -->
<testsuite skipped="0" hostname="MAVBCP139" name="calculatorTest.GroupingClass" tests="2" failures="0" timestamp="2020-07-03T21:14:13 IST" time="0.013" errors="0">
  <testcase name="div" time="0.011" classname="calculatorTest.GroupingClass"/>
  <system-out>
Division operation by grouping is successful  </system-out>
  <testcase name="sub" time="0.002" classname="calculatorTest.GroupingClass"/>
  <system-out>
Subraction operation by grouping is successful  </system-out>
</testsuite> <!-- calculatorTest.GroupingClass -->
